c:\users\francho\desktop\03-d3d\debug\vc140.pdb
c:\users\francho\desktop\03-d3d\debug\vc140.idb
c:\users\francho\desktop\03-d3d\debug\main.obj
c:\users\francho\desktop\03-d3d\debug\fragment.cso
c:\users\francho\desktop\03-d3d\debug\vertex.cso
c:\users\francho\desktop\exempelkoder\exempelkoder\03-d3d\debug\vertex.cso
c:\users\francho\desktop\exempelkoder\exempelkoder\03-d3d\debug\fragment.cso
c:\users\francho\desktop\03-d3d\debug\demo.ilk
c:\users\francho\desktop\03-d3d\debug\demo.exe
c:\users\francho\desktop\03-d3d\debug\demo.pdb
c:\users\francho\desktop\03-d3d\debug\vc120.idb
c:\users\francho\desktop\03-d3d\debug\vc120.pdb
c:\users\francho\desktop\03-d3d\debug\demo.tlog\cl.command.1.tlog
c:\users\francho\desktop\03-d3d\debug\demo.tlog\cl.read.1.tlog
c:\users\francho\desktop\03-d3d\debug\demo.tlog\cl.write.1.tlog
c:\users\francho\desktop\03-d3d\debug\demo.tlog\demo.write.1u.tlog
c:\users\francho\desktop\03-d3d\debug\demo.tlog\fxc.command.1.tlog
c:\users\francho\desktop\03-d3d\debug\demo.tlog\fxc.read.1.tlog
c:\users\francho\desktop\03-d3d\debug\demo.tlog\fxc.write.1.tlog
c:\users\francho\desktop\03-d3d\debug\demo.tlog\link.command.1.tlog
c:\users\francho\desktop\03-d3d\debug\demo.tlog\link.read.1.tlog
c:\users\francho\desktop\03-d3d\debug\demo.tlog\link.write.1.tlog
