d:\3d project backup\3d-project1\03-d3d\x64\debug\def_geometry.cso
d:\3d project backup\3d-project1\03-d3d\x64\debug\def_pixel.cso
d:\3d project backup\3d-project1\03-d3d\x64\debug\def_vertex.cso
d:\3d project backup\3d-project1\03-d3d\x64\debug\light_pixel.cso
d:\3d project backup\3d-project1\03-d3d\x64\debug\light_vertex.cso
d:\3d project backup\3d-project1\03-d3d\x64\debug\particle_geometry.cso
d:\3d project backup\3d-project1\03-d3d\x64\debug\particle_pixel.cso
d:\3d project backup\3d-project1\03-d3d\x64\debug\particle_vertex.cso
d:\3d project backup\3d-project1\03-d3d\x64\debug\shadowmapping_vertex.cso
d:\3d project backup\3d-project1\03-d3d\x64\debug\vc140.pdb
d:\3d project backup\3d-project1\03-d3d\x64\debug\objecthandlerclass.obj
d:\3d project backup\3d-project1\03-d3d\x64\debug\object.obj
d:\3d project backup\3d-project1\03-d3d\x64\debug\main.obj
d:\3d project backup\3d-project1\03-d3d\x64\debug\lightshaderclass.obj
d:\3d project backup\3d-project1\03-d3d\x64\debug\lighthandlerclass.obj
d:\3d project backup\3d-project1\03-d3d\x64\debug\pointlightclass.obj
d:\3d project backup\3d-project1\03-d3d\x64\debug\particlesclass.obj
d:\3d project backup\3d-project1\03-d3d\x64\debug\lodepng_util.obj
d:\3d project backup\3d-project1\03-d3d\x64\debug\lodepng.obj
d:\3d project backup\3d-project1\03-d3d\x64\debug\inputclass.obj
d:\3d project backup\3d-project1\03-d3d\x64\debug\heightmaploaderclass.obj
d:\3d project backup\3d-project1\03-d3d\x64\debug\heightmapclass.obj
d:\3d project backup\3d-project1\03-d3d\x64\debug\graphicsclass.obj
d:\3d project backup\3d-project1\03-d3d\x64\debug\direct3d.obj
d:\3d project backup\3d-project1\03-d3d\x64\debug\deferredshaderclass.obj
d:\3d project backup\3d-project1\03-d3d\x64\debug\deferredbuffersclass.obj
d:\3d project backup\3d-project1\03-d3d\x64\debug\ddstextureloader.obj
d:\3d project backup\3d-project1\03-d3d\x64\debug\constantbufferclass.obj
d:\3d project backup\3d-project1\03-d3d\x64\debug\camera.obj
d:\3d project backup\3d-project1\03-d3d\x64\debug\applicationclass.obj
d:\3d project backup\3d-project1\03-d3d\x64\debug\wictextureloader.obj
d:\3d project backup\3d-project1\03-d3d\x64\debug\timerclass.obj
d:\3d project backup\3d-project1\03-d3d\x64\debug\textureloader.obj
d:\3d project backup\3d-project1\03-d3d\x64\debug\shadowmapclass.obj
d:\3d project backup\3d-project1\03-d3d\x64\debug\quadtreeclass.obj
d:\3d project backup\3d-project1\03-d3d\x64\debug\quadnodeclass.obj
d:\3d project backup\3d-project1\03-d3d\x64\debug\pch.obj
d:\3d project backup\3d-project1\03-d3d\x64\debug\objloader.obj
d:\3d project backup\3d-project1\03-d3d\x64\debug\demo.ilk
d:\3d project backup\3d-project1\03-d3d\x64\debug\demo.exe
d:\3d project backup\3d-project1\03-d3d\x64\debug\demo.pdb
d:\3d project backup\3d-project1\03-d3d\x64\debug\demo.tlog\demo.write.1u.tlog
d:\3d project backup\3d-project1\03-d3d\x64\debug\demo.tlog\fxc.read.1.tlog
d:\3d project backup\3d-project1\03-d3d\x64\debug\demo.tlog\fxc.write.1.tlog
d:\3d project backup\3d-project1\03-d3d\x64\debug\demo.tlog\fxc.command.1.tlog
d:\3d project backup\3d-project1\03-d3d\x64\debug\demo.tlog\cl.read.1.tlog
d:\3d project backup\3d-project1\03-d3d\x64\debug\demo.tlog\cl.write.1.tlog
d:\3d project backup\3d-project1\03-d3d\x64\debug\demo.tlog\cl.command.1.tlog
d:\3d project backup\3d-project1\03-d3d\x64\debug\demo.tlog\link.command.1.tlog
d:\3d project backup\3d-project1\03-d3d\x64\debug\demo.tlog\link.read.1.tlog
d:\3d project backup\3d-project1\03-d3d\x64\debug\demo.tlog\link.write.1.tlog
